<?xml version="1.0" encoding="UTF-8"?>
<!-- Generated by org.testng.reporters.JUnitXMLReporter -->
<testsuite hostname="DESKTOP-DG4NUTJ" ignored="2" name="Default test" tests="1" failures="0" timestamp="2022-03-30T15:58:46 IST" time="91.207" errors="0">
  <testcase name="name" time="42.238" classname="com.Flush.Tests.VipTestcases"/>
  <testcase name="CheckingVippagTabs" time="0.0" classname="com.Flush.Tests.VipTestcases">
    <ignored/>
  </testcase> <!-- CheckingVippagTabs -->
  <testcase name="CheckingHeaderLoyalityText" time="0.0" classname="com.Flush.Tests.VipTestcases">
    <ignored/>
  </testcase> <!-- CheckingHeaderLoyalityText -->
</testsuite> <!-- Default test -->
