<?xml version="1.0" encoding="UTF-8"?>
<!-- Generated by org.testng.reporters.JUnitXMLReporter -->
<testsuite hostname="DESKTOP-DG4NUTJ" ignored="12" tests="0" failures="0" timestamp="2022-04-07T17:47:04 IST" time="0.121" errors="0">
  <testcase name="DiceGameSetting" time="0.0" classname="com.Flush.Tests.DiceGameTestcases">
    <ignored/>
  </testcase> <!-- DiceGameSetting -->
  <testcase name="DiceGameLiveStatusButton" time="0.0" classname="com.Flush.Tests.DiceGameTestcases">
    <ignored/>
  </testcase> <!-- DiceGameLiveStatusButton -->
  <testcase name="MAximumErrorMessageChecking" time="0.0" classname="com.Flush.Tests.DiceGameTestcases">
    <ignored/>
  </testcase> <!-- MAximumErrorMessageChecking -->
  <testcase name="DiceGameFairNessbutton" time="0.0" classname="com.Flush.Tests.DiceGameTestcases">
    <ignored/>
  </testcase> <!-- DiceGameFairNessbutton -->
  <testcase name="DiceGameRules" time="0.0" classname="com.Flush.Tests.DiceGameTestcases">
    <ignored/>
  </testcase> <!-- DiceGameRules -->
  <testcase name="DiceGameAutoNumberOfBetsThree" time="0.0" classname="com.Flush.Tests.DiceGameTestcases">
    <ignored/>
  </testcase> <!-- DiceGameAutoNumberOfBetsThree -->
  <testcase name="DiceGameAutoDoubleAmount" time="0.0" classname="com.Flush.Tests.DiceGameTestcases">
    <ignored/>
  </testcase> <!-- DiceGameAutoDoubleAmount -->
  <testcase name="HalfAmount" time="0.0" classname="com.Flush.Tests.DiceGameTestcases">
    <ignored/>
  </testcase> <!-- HalfAmount -->
  <testcase name="DiceGameBetFullFlowchecking" time="0.0" classname="com.Flush.Tests.DiceGameTestcases">
    <ignored/>
  </testcase> <!-- DiceGameBetFullFlowchecking -->
  <testcase name="DiceGameDoubleBetAmount" time="0.0" classname="com.Flush.Tests.DiceGameTestcases">
    <ignored/>
  </testcase> <!-- DiceGameDoubleBetAmount -->
  <testcase name="DiceGameAutoHalfAmount" time="0.0" classname="com.Flush.Tests.DiceGameTestcases">
    <ignored/>
  </testcase> <!-- DiceGameAutoHalfAmount -->
  <testcase name="DiceGameAutoButtonTab" time="0.0" classname="com.Flush.Tests.DiceGameTestcases">
    <ignored/>
  </testcase> <!-- DiceGameAutoButtonTab -->
</testsuite>
