<?xml version="1.0" encoding="UTF-8"?>
<!-- Generated by org.testng.reporters.JUnitXMLReporter -->
<testsuite hostname="DESKTOP-DG4NUTJ" ignored="24" name="Home Page Test" tests="1" failures="0" timestamp="2022-03-28T15:30:13 IST" time="138.213" errors="0">
  <testcase name="LoginAsValidUser" time="13.572" classname="com.Flush.Tests.HomepageTest"/>
  <testcase name="SignupLogin" time="0.0" classname="com.Flush.Tests.HomepageTest">
    <ignored/>
  </testcase> <!-- SignupLogin -->
  <testcase name="Changepassword" time="0.0" classname="com.Flush.Tests.HomepageTest">
    <ignored/>
  </testcase> <!-- Changepassword -->
  <testcase name="LoginWelcomeGoogle" time="0.0" classname="com.Flush.Tests.HomepageTest">
    <ignored/>
  </testcase> <!-- LoginWelcomeGoogle -->
  <testcase name="statistics" time="0.0" classname="com.Flush.Tests.HomepageTest">
    <ignored/>
  </testcase> <!-- statistics -->
  <testcase name="Settings" time="0.0" classname="com.Flush.Tests.HomepageTest">
    <ignored/>
  </testcase> <!-- Settings -->
  <testcase name="LoginWelcomeLogin" time="0.0" classname="com.Flush.Tests.HomepageTest">
    <ignored/>
  </testcase> <!-- LoginWelcomeLogin -->
  <testcase name="VIP" time="0.0" classname="com.Flush.Tests.HomepageTest">
    <ignored/>
  </testcase> <!-- VIP -->
  <testcase name="TransactionPageTabsChecking" time="0.0" classname="com.Flush.Tests.HomepageTest">
    <ignored/>
  </testcase> <!-- TransactionPageTabsChecking -->
  <testcase name="Statisticspagechecking" time="0.0" classname="com.Flush.Tests.HomepageTest">
    <ignored/>
  </testcase> <!-- Statisticspagechecking -->
  <testcase name="Transaction" time="0.0" classname="com.Flush.Tests.HomepageTest">
    <ignored/>
  </testcase> <!-- Transaction -->
  <testcase name="walletbalacelist" time="0.0" classname="com.Flush.Tests.HomepageTest">
    <ignored/>
  </testcase> <!-- walletbalacelist -->
  <testcase name="Passwordnotmatch" time="0.0" classname="com.Flush.Tests.HomepageTest">
    <ignored/>
  </testcase> <!-- Passwordnotmatch -->
  <testcase name="Oldpasswordinvalid" time="0.0" classname="com.Flush.Tests.HomepageTest">
    <ignored/>
  </testcase> <!-- Oldpasswordinvalid -->
  <testcase name="Logout" time="0.0" classname="com.Flush.Tests.HomepageTest">
    <ignored/>
  </testcase> <!-- Logout -->
  <testcase name="RecoveryPasswordBackToLogin" time="0.0" classname="com.Flush.Tests.HomepageTest">
    <ignored/>
  </testcase> <!-- RecoveryPasswordBackToLogin -->
  <testcase name="JoinWithYourEmail" time="0.0" classname="com.Flush.Tests.HomepageTest">
    <ignored/>
  </testcase> <!-- JoinWithYourEmail -->
  <testcase name="signup" time="0.0" classname="com.Flush.Tests.HomepageTest">
    <ignored/>
  </testcase> <!-- signup -->
  <testcase name="Logot" time="0.0" classname="com.Flush.Tests.HomepageTest">
    <ignored/>
  </testcase> <!-- Logot -->
  <testcase name="changingusername" time="0.0" classname="com.Flush.Tests.HomepageTest">
    <ignored/>
  </testcase> <!-- changingusername -->
  <testcase name="Passwordcancel" time="0.0" classname="com.Flush.Tests.HomepageTest">
    <ignored/>
  </testcase> <!-- Passwordcancel -->
  <testcase name="Cashier" time="0.0" classname="com.Flush.Tests.HomepageTest">
    <ignored/>
  </testcase> <!-- Cashier -->
  <testcase name="LoginWelcomeregistration" time="0.0" classname="com.Flush.Tests.HomepageTest">
    <ignored/>
  </testcase> <!-- LoginWelcomeregistration -->
  <testcase name="Google" time="0.0" classname="com.Flush.Tests.HomepageTest">
    <ignored/>
  </testcase> <!-- Google -->
  <testcase name="LoginWelcomeForgot" time="0.0" classname="com.Flush.Tests.HomepageTest">
    <ignored/>
  </testcase> <!-- LoginWelcomeForgot -->
</testsuite> <!-- Home Page Test -->
