<?xml version="1.0" encoding="UTF-8"?>
<!-- Generated by org.testng.reporters.JUnitXMLReporter -->
<testsuite ignored="0" hostname="rohitpunekar" failures="0" tests="9" name="Homepage Test" time="77.523" errors="0" timestamp="2022-03-08T06:58:03 IST">
  <testcase classname="com.Flush.Tests.HomepageTest" name="TC_001" time="0.066"/>
  <testcase classname="com.Flush.Tests.HomepageTest" name="TC_002" time="0.011"/>
  <testcase classname="com.Flush.Tests.HomepageTest" name="TC_003" time="0.601"/>
  <testcase classname="com.Flush.Tests.HomepageTest" name="TC_004" time="0.312"/>
  <testcase classname="com.Flush.Tests.HomepageTest" name="TC_005" time="0.343"/>
  <testcase classname="com.Flush.Tests.HomepageTest" name="TC_006" time="0.357"/>
  <testcase classname="com.Flush.Tests.HomepageTest" name="TC_007" time="0.466"/>
  <testcase classname="com.Flush.Tests.HomepageTest" name="TC_008" time="0.369"/>
  <testcase classname="com.Flush.Tests.HomepageTest" name="TC_009" time="0.361"/>
</testsuite> <!-- Homepage Test -->
