<?xml version="1.0" encoding="UTF-8"?>
<!-- Generated by org.testng.reporters.JUnitXMLReporter -->
<testsuite ignored="0" hostname="Rohit" failures="0" tests="4" name="Login Page Test" time="174.917" errors="0" timestamp="2022-03-11T19:10:05 IST">
  <testcase classname="com.Flush.Tests.LoginPopupTest" name="TC_021" time="17.449"/>
  <testcase classname="com.Flush.Tests.LoginPopupTest" name="TC_022" time="5.103"/>
  <testcase classname="com.Flush.Tests.LoginPopupTest" name="TC_023" time="5.264"/>
  <testcase classname="com.Flush.Tests.LoginPopupTest" name="TC_024" time="4.487"/>
</testsuite> <!-- Login Page Test -->
