<?xml version="1.0" encoding="UTF-8"?>
<!-- Generated by org.testng.reporters.JUnitXMLReporter -->
<testsuite hostname="DESKTOP-DG4NUTJ" ignored="4" tests="0" failures="0" timestamp="2022-03-28T14:46:59 IST" time="0.003" errors="0">
  <testcase name="TC_021" time="0.0" classname="com.Flush.Tests.LoginPopupTest">
    <ignored/>
  </testcase> <!-- TC_021 -->
  <testcase name="TC_023" time="0.0" classname="com.Flush.Tests.LoginPopupTest">
    <ignored/>
  </testcase> <!-- TC_023 -->
  <testcase name="TC_022" time="0.0" classname="com.Flush.Tests.LoginPopupTest">
    <ignored/>
  </testcase> <!-- TC_022 -->
  <testcase name="TC_024" time="0.0" classname="com.Flush.Tests.LoginPopupTest">
    <ignored/>
  </testcase> <!-- TC_024 -->
</testsuite>
