<?xml version="1.0" encoding="UTF-8"?>
<!-- Generated by org.testng.reporters.JUnitXMLReporter -->
<testsuite ignored="0" hostname="rohitpunekar" failures="1" tests="4" name="Test" time="80.217" errors="0" timestamp="2022-03-06T23:35:28 IST">
  <testcase classname="com.Flush.Tests.WelcomePopupTest" name="TC_01" time="6.268"/>
  <testcase classname="com.Flush.Tests.WelcomePopupTest" name="TC_02" time="0.636">
    <failure type="java.lang.AssertionError" message="expected [true] but found [false]">
      <![CDATA[java.lang.AssertionError: expected [true] but found [false]
at com.Flush.Tests.WelcomePopupTest.TC_02(WelcomePopupTest.java:80)
at java.base/java.util.ArrayList.forEach(ArrayList.java:1511)
... Removed 31 stack frames]]>
    </failure>
  </testcase> <!-- TC_02 -->
  <testcase classname="com.Flush.Tests.WelcomePopupTest" name="TC_03" time="0.673"/>
  <testcase classname="com.Flush.Tests.WelcomePopupTest" name="TC_04" time="0.605"/>
</testsuite> <!-- Test -->
