<?xml version="1.0" encoding="UTF-8"?>
<!-- Generated by org.testng.reporters.JUnitXMLReporter -->
<testsuite hostname="DESKTOP-DG4NUTJ" ignored="0" name="Test1" tests="5" failures="0" timestamp="2022-03-29T21:24:14 IST" time="491.852" errors="0">
  <testcase name="CrashGame" time="41.623" classname="com.Flush.Tests.HomePageWithoutLoginTestcases"/>
  <testcase name="DiceGame" time="9.66" classname="com.Flush.Tests.HomePageWithoutLoginTestcases"/>
  <testcase name="HiloGame" time="19.231" classname="com.Flush.Tests.HomePageWithoutLoginTestcases"/>
  <testcase name="MinesGame" time="13.085" classname="com.Flush.Tests.HomePageWithoutLoginTestcases"/>
  <testcase name="WheelGame" time="0.939" classname="com.Flush.Tests.HomePageWithoutLoginTestcases"/>
</testsuite> <!-- Test1 -->
