<?xml version="1.0" encoding="UTF-8"?>
<!-- Generated by org.testng.reporters.JUnitXMLReporter -->
<testsuite hostname="DESKTOP-DG4NUTJ" ignored="2" tests="0" failures="0" timestamp="2022-03-29T21:16:01 IST" time="0.011" errors="0">
  <testcase name="CheckingVippagTabs" time="0.0" classname="com.Flush.Tests.VipTestcases">
    <ignored/>
  </testcase> <!-- CheckingVippagTabs -->
  <testcase name="CheckingHeaderLoyalityText" time="0.0" classname="com.Flush.Tests.VipTestcases">
    <ignored/>
  </testcase> <!-- CheckingHeaderLoyalityText -->
</testsuite>
