<?xml version="1.0" encoding="UTF-8"?>
<testng-results skipped="0" failed="0" ignored="5" total="6" passed="1">
  <reporter-output>
  </reporter-output>
  <suite name="Default suite" duration-ms="80197" started-at="2022-04-05T20:42:10 IST" finished-at="2022-04-05T20:43:30 IST">
    <groups>
    </groups>
    <test name="Default test" duration-ms="80197" started-at="2022-04-05T20:42:10 IST" finished-at="2022-04-05T20:43:30 IST">
      <class name="com.Flush.Tests.DiceGameTestcases">
        <test-method status="PASS" signature="Initialization()[pri:0, instance:com.Flush.Tests.DiceGameTestcases@5bcea91b]" name="Initialization" is-config="true" duration-ms="54576" started-at="2022-04-05T20:42:10 IST" finished-at="2022-04-05T20:43:05 IST">
          <reporter-output>
          </reporter-output>
        </test-method> <!-- Initialization -->
        <test-method status="PASS" signature="DiceGameBet()[pri:1, instance:com.Flush.Tests.DiceGameTestcases@5bcea91b]" name="DiceGameBet" duration-ms="25559" started-at="2022-04-05T20:43:05 IST" finished-at="2022-04-05T20:43:30 IST">
          <reporter-output>
          </reporter-output>
        </test-method> <!-- DiceGameBet -->
      </class> <!-- com.Flush.Tests.DiceGameTestcases -->
    </test> <!-- Default test -->
  </suite> <!-- Default suite -->
</testng-results>
