<?xml version="1.0" encoding="UTF-8"?>
<testng-results skipped="0" failed="0" ignored="6" total="7" passed="1">
  <reporter-output>
  </reporter-output>
  <suite name="Default suite" duration-ms="80128" started-at="2022-04-06T18:18:52 IST" finished-at="2022-04-06T18:20:12 IST">
    <groups>
    </groups>
    <test name="Default test" duration-ms="80128" started-at="2022-04-06T18:18:52 IST" finished-at="2022-04-06T18:20:12 IST">
      <class name="com.Flush.Tests.DiceGameTestcases">
        <test-method status="PASS" signature="Initialization()[pri:0, instance:com.Flush.Tests.DiceGameTestcases@5bcea91b]" name="Initialization" is-config="true" duration-ms="55285" started-at="2022-04-06T18:18:52 IST" finished-at="2022-04-06T18:19:47 IST">
          <reporter-output>
          </reporter-output>
        </test-method> <!-- Initialization -->
        <test-method status="PASS" signature="HalfAmount()[pri:1, instance:com.Flush.Tests.DiceGameTestcases@5bcea91b]" name="HalfAmount" duration-ms="24732" started-at="2022-04-06T18:19:47 IST" finished-at="2022-04-06T18:20:12 IST">
          <reporter-output>
          </reporter-output>
        </test-method> <!-- HalfAmount -->
      </class> <!-- com.Flush.Tests.DiceGameTestcases -->
    </test> <!-- Default test -->
  </suite> <!-- Default suite -->
</testng-results>
